[    0.000000] Initializing cgroup subsys cpuset
[    0.000000] Initializing cgroup subsys cpu
[    0.000000] Initializing cgroup subsys cpuacct
[    0.000000] Linux version 4.4.0-140-generic (buildd@lcy01-amd64-006) (gcc version 5.4.0 20160609 (Ubuntu 5.4.0-6ubuntu1~16.04.10) ) #166-Ubuntu SMP Wed Nov 14 20:09:47 UTC 2018 (Ubuntu 4.4.0-140.166-generic 4.4.162)
[    0.000000] Command line: BOOT_IMAGE=/boot/vmlinuz-4.4.0-140-generic root=LABEL=cloudimg-rootfs ro console=tty1 console=ttyS0
[    0.000000] KERNEL supported cpus:
[    0.000000]   Intel GenuineIntel
[    0.000000]   AMD AuthenticAMD
[    0.000000]   Centaur CentaurHauls
[    0.000000] ------------[ cut here ]------------
[    0.000000] WARNING: CPU: 0 PID: 0 at /build/linux-wWyv2Z/linux-4.4.0/arch/x86/kernel/fpu/xstate.c:517 fpu__init_system_xstate+0x37e/0x764()
[    0.000000] XSAVE consistency problem, dumping leaves
[    0.000000] Modules linked in:
[    0.000000] CPU: 0 PID: 0 Comm: swapper Not tainted 4.4.0-140-generic #166-Ubuntu
[    0.000000]  0000000000000086 376b68144872b692 ffffffff81e03d70 ffffffff814055d3
[    0.000000]  ffffffff81e03db8 ffffffff81cad750 ffffffff81e03da8 ffffffff810850d2
[    0.000000]  0000000000000008 0000000000000340 0000000000000100 ffffffff81e03e3c
[    0.000000] Call Trace:
[    0.000000]  [<ffffffff814055d3>] dump_stack+0x63/0x90
[    0.000000]  [<ffffffff810850d2>] warn_slowpath_common+0x82/0xc0
[    0.000000]  [<ffffffff8108516c>] warn_slowpath_fmt+0x5c/0x80
[    0.000000]  [<ffffffff81080be4>] ? xfeature_size+0x59/0x77
[    0.000000]  [<ffffffff81f731e3>] fpu__init_system_xstate+0x37e/0x764
[    0.000000]  [<ffffffff81f63120>] ? early_idt_handler_array+0x120/0x120
[    0.000000]  [<ffffffff81f72bec>] fpu__init_system+0x1e7/0x28e
[    0.000000]  [<ffffffff81f73dc6>] early_cpu_init+0x210/0x216
[    0.000000]  [<ffffffff81f73dc6>] ? early_cpu_init+0x210/0x216
[    0.000000]  [<ffffffff81f6f19b>] setup_arch+0xc0/0xd1f
[    0.000000]  [<ffffffff81f63120>] ? early_idt_handler_array+0x120/0x120
[    0.000000]  [<ffffffff81f63c75>] start_kernel+0xe2/0x4a4
[    0.000000]  [<ffffffff81f63120>] ? early_idt_handler_array+0x120/0x120
[    0.000000]  [<ffffffff81f63339>] x86_64_start_reservations+0x2a/0x2c
[    0.000000]  [<ffffffff81f63485>] x86_64_start_kernel+0x14a/0x16d
[    0.000000] ---[ end trace 4d5ff9f2f68c4233 ]---
[    0.000000] CPUID[0d, 00]: eax=00000007 ebx=00000440 ecx=00000440 edx=00000000
[    0.000000] CPUID[0d, 01]: eax=00000000 ebx=000003c0 ecx=00000000 edx=00000000
[    0.000000] CPUID[0d, 02]: eax=00000100 ebx=00000240 ecx=00000000 edx=00000000
[    0.000000] CPUID[0d, 03]: eax=00000000 ebx=00000000 ecx=00000000 edx=00000000
[    0.000000] CPUID[0d, 04]: eax=00000000 ebx=00000000 ecx=00000000 edx=00000000
[    0.000000] CPUID[0d, 05]: eax=00000000 ebx=00000000 ecx=00000000 edx=00000000
[    0.000000] CPUID[0d, 06]: eax=00000000 ebx=00000000 ecx=00000000 edx=00000000
[    0.000000] CPUID[0d, 07]: eax=00000000 ebx=00000000 ecx=00000000 edx=00000000
[    0.000000] CPUID[0d, 08]: eax=00000000 ebx=00000000 ecx=00000000 edx=00000000
[    0.000000] CPUID[0d, 09]: eax=00000000 ebx=00000000 ecx=00000000 edx=00000000
[    0.000000] CPUID[0d, 0a]: eax=00000000 ebx=00000000 ecx=00000000 edx=00000000
[    0.000000] CPUID[0d, 0b]: eax=00000000 ebx=00000000 ecx=00000000 edx=00000000
[    0.000000] CPUID[0d, 0c]: eax=00000000 ebx=00000000 ecx=00000000 edx=00000000
[    0.000000] CPUID[0d, 0d]: eax=00000000 ebx=00000000 ecx=00000000 edx=00000000
[    0.000000] CPUID[0d, 0e]: eax=00000000 ebx=00000000 ecx=00000000 edx=00000000
[    0.000000] CPUID[0d, 0f]: eax=00000000 ebx=00000000 ecx=00000000 edx=00000000
[    0.000000] CPUID[0d, 10]: eax=00000000 ebx=00000000 ecx=00000000 edx=00000000
[    0.000000] CPUID[0d, 11]: eax=00000000 ebx=00000000 ecx=00000000 edx=00000000
[    0.000000] x86/fpu: xstate_offset[2]:  576, xstate_sizes[2]:  256
[    0.000000] x86/fpu: Supporting XSAVE feature 0x01: 'x87 floating point registers'
[    0.000000] x86/fpu: Supporting XSAVE feature 0x02: 'SSE registers'
[    0.000000] x86/fpu: Supporting XSAVE feature 0x04: 'AVX registers'
[    0.000000] x86/fpu: Enabled xstate features 0x7, context size is 1088 bytes, using 'standard' format.
[    0.000000] e820: BIOS-provided physical RAM map:
[    0.000000] BIOS-e820: [mem 0x0000000000000000-0x000000000009fbff] usable
[    0.000000] BIOS-e820: [mem 0x000000000009fc00-0x000000000009ffff] reserved
[    0.000000] BIOS-e820: [mem 0x00000000000f0000-0x00000000000fffff] reserved
[    0.000000] BIOS-e820: [mem 0x0000000000100000-0x000000007ffeffff] usable
[    0.000000] BIOS-e820: [mem 0x000000007fff0000-0x000000007fffffff] ACPI data
[    0.000000] BIOS-e820: [mem 0x00000000fec00000-0x00000000fec00fff] reserved
[    0.000000] BIOS-e820: [mem 0x00000000fee00000-0x00000000fee00fff] reserved
[    0.000000] BIOS-e820: [mem 0x00000000fffc0000-0x00000000ffffffff] reserved
[    0.000000] NX (Execute Disable) protection: active
[    0.000000] SMBIOS 2.5 present.
[    0.000000] Hypervisor detected: KVM
[    0.000000] e820: last_pfn = 0x7fff0 max_arch_pfn = 0x400000000
[    0.000000] MTRR: Disabled
[    0.000000] x86/PAT: MTRRs disabled, skipping PAT initialization too.
[    0.000000] CPU MTRRs all blank - virtualized system.
[    0.000000] x86/PAT: Configuration [0-7]: WB  WT  UC- UC  WB  WT  UC- UC  
[    0.000000] found SMP MP-table at [mem 0x0009fff0-0x0009ffff] mapped at [ffff88000009fff0]
[    0.000000] Scanning 1 areas for low memory corruption
[    0.000000] RAMDISK: [mem 0x36306000-0x3717afff]
[    0.000000] ACPI: Early table checksum verification disabled
[    0.000000] ACPI: RSDP 0x00000000000E0000 000024 (v02 VBOX  )
[    0.000000] ACPI: XSDT 0x000000007FFF0030 00003C (v01 VBOX   VBOXXSDT 00000001 ASL  00000061)
[    0.000000] ACPI: FACP 0x000000007FFF00F0 0000F4 (v04 VBOX   VBOXFACP 00000001 ASL  00000061)
[    0.000000] ACPI: DSDT 0x000000007FFF0470 0021FF (v02 VBOX   VBOXBIOS 00000002 INTL 20160108)
[    0.000000] ACPI: FACS 0x000000007FFF0200 000040
[    0.000000] ACPI: FACS 0x000000007FFF0200 000040
[    0.000000] ACPI: APIC 0x000000007FFF0240 00005C (v02 VBOX   VBOXAPIC 00000001 ASL  00000061)
[    0.000000] ACPI: SSDT 0x000000007FFF02A0 0001CC (v01 VBOX   VBOXCPUT 00000002 INTL 20160108)
[    0.000000] No NUMA configuration found
[    0.000000] Faking a node at [mem 0x0000000000000000-0x000000007ffeffff]
[    0.000000] NODE_DATA(0) allocated [mem 0x7ffeb000-0x7ffeffff]
[    0.000000] kvm-clock: Using msrs 4b564d01 and 4b564d00
[    0.000000] kvm-clock: cpu 0, msr 0:7ffe3001, primary cpu clock
[    0.000000] kvm-clock: using sched offset of 4470473676 cycles
[    0.000000] clocksource: kvm-clock: mask: 0xffffffffffffffff max_cycles: 0x1cd42e4dffb, max_idle_ns: 881590591483 ns
[    0.000000] Zone ranges:
[    0.000000]   DMA      [mem 0x0000000000001000-0x0000000000ffffff]
[    0.000000]   DMA32    [mem 0x0000000001000000-0x000000007ffeffff]
[    0.000000]   Normal   empty
[    0.000000]   Device   empty
[    0.000000] Movable zone start for each node
[    0.000000] Early memory node ranges
[    0.000000]   node   0: [mem 0x0000000000001000-0x000000000009efff]
[    0.000000]   node   0: [mem 0x0000000000100000-0x000000007ffeffff]
[    0.000000] Initmem setup node 0 [mem 0x0000000000001000-0x000000007ffeffff]
[    0.000000] ACPI: PM-Timer IO Port: 0x4008
[    0.000000] IOAPIC[0]: apic_id 2, version 32, address 0xfec00000, GSI 0-23
[    0.000000] ACPI: INT_SRC_OVR (bus 0 bus_irq 0 global_irq 2 dfl dfl)
[    0.000000] ACPI: INT_SRC_OVR (bus 0 bus_irq 9 global_irq 9 high level)
[    0.000000] Using ACPI (MADT) for SMP configuration information
[    0.000000] smpboot: Allowing 2 CPUs, 0 hotplug CPUs
[    0.000000] PM: Registered nosave memory: [mem 0x00000000-0x00000fff]
[    0.000000] PM: Registered nosave memory: [mem 0x0009f000-0x0009ffff]
[    0.000000] PM: Registered nosave memory: [mem 0x000a0000-0x000effff]
[    0.000000] PM: Registered nosave memory: [mem 0x000f0000-0x000fffff]
[    0.000000] e820: [mem 0x80000000-0xfebfffff] available for PCI devices
[    0.000000] Booting paravirtualized kernel on KVM
[    0.000000] clocksource: refined-jiffies: mask: 0xffffffff max_cycles: 0xffffffff, max_idle_ns: 7645519600211568 ns
[    0.000000] setup_percpu: NR_CPUS:512 nr_cpumask_bits:512 nr_cpu_ids:2 nr_node_ids:1
[    0.000000] PERCPU: Embedded 34 pages/cpu @ffff88007fc00000 s99608 r8192 d31464 u1048576
[    0.000000] PV qspinlock hash table entries: 256 (order: 0, 4096 bytes)
[    0.000000] Built 1 zonelists in Node order, mobility grouping on.  Total pages: 515960
[    0.000000] Policy zone: DMA32
[    0.000000] Kernel command line: BOOT_IMAGE=/boot/vmlinuz-4.4.0-140-generic root=LABEL=cloudimg-rootfs ro console=tty1 console=ttyS0
[    0.000000] PID hash table entries: 4096 (order: 3, 32768 bytes)
[    0.000000] Memory: 2029892K/2096696K available (8564K kernel code, 1314K rwdata, 4008K rodata, 1528K init, 1316K bss, 66804K reserved, 0K cma-reserved)
[    0.000000] SLUB: HWalign=64, Order=0-3, MinObjects=0, CPUs=2, Nodes=1
[    0.000000] Kernel/User page tables isolation: enabled
[    0.000000] Hierarchical RCU implementation.
[    0.000000] 	Build-time adjustment of leaf fanout to 64.
[    0.000000] 	RCU restricting CPUs from NR_CPUS=512 to nr_cpu_ids=2.
[    0.000000] RCU: Adjusting geometry for rcu_fanout_leaf=64, nr_cpu_ids=2
[    0.000000] NR_IRQS:33024 nr_irqs:440 16
[    0.000000] Console: colour VGA+ 80x25
[    0.000000] console [tty1] enabled
[    0.000000] console [ttyS0] enabled
[    0.000000] tsc: Detected 2367.104 MHz processor
[    3.039382] Calibrating delay loop (skipped) preset value.. 4734.20 BogoMIPS (lpj=9468416)
[    3.041193] pid_max: default: 32768 minimum: 301
[    3.057083] ACPI: Core revision 20150930
[    3.059241] ACPI: 2 ACPI AML tables successfully acquired and loaded
[    3.092305] Security Framework initialized
[    3.109417] Yama: becoming mindful.
[    3.119857] AppArmor: AppArmor initialized
[    3.121427] Dentry cache hash table entries: 262144 (order: 9, 2097152 bytes)
[    3.137496] Inode-cache hash table entries: 131072 (order: 8, 1048576 bytes)
[    3.139529] Mount-cache hash table entries: 4096 (order: 3, 32768 bytes)
[    3.152672] Mountpoint-cache hash table entries: 4096 (order: 3, 32768 bytes)
[    3.154201] Initializing cgroup subsys io
[    3.155092] Initializing cgroup subsys memory
[    3.156030] Initializing cgroup subsys devices
[    3.157039] Initializing cgroup subsys freezer
[    3.172926] Initializing cgroup subsys net_cls
[    3.173863] Initializing cgroup subsys perf_event
[    3.174886] Initializing cgroup subsys net_prio
[    3.175833] Initializing cgroup subsys hugetlb
[    3.176935] Initializing cgroup subsys pids
[    3.199044] mce: CPU supports 0 MCE banks
[    3.277662] Last level iTLB entries: 4KB 64, 2MB 8, 4MB 8
[    3.350661] Last level dTLB entries: 4KB 64, 2MB 0, 4MB 0, 1GB 4
[    3.351900] Spectre V2 : Mitigation: Full generic retpoline
[    3.353048] Spectre V2 : Spectre v2 mitigation: Speculation control IBPB not-supported IBRS not-supported
[    3.371371] Spectre V2 : Spectre v2 / SpectreRSB mitigation: Filling RSB on context switch
[    3.397705] Speculative Store Bypass: Vulnerable
[    3.439262] Freeing SMP alternatives memory: 32K
[    3.486689] ftrace: allocating 32287 entries in 127 pages
[    3.556605] smpboot: APIC(0) Converting physical 0 to logical package 0
[    3.680130] smpboot: Max logical packages: 1
[    3.746391] x2apic enabled
[    3.778129] Switched APIC routing to physical x2apic.
[    3.796928] ..TIMER: vector=0x30 apic1=0 pin1=2 apic2=-1 pin2=-1
[    3.991129] smpboot: CPU0: Intel(R) Core(TM) i5-6200U CPU @ 2.30GHz (family: 0x6, model: 0x4e, stepping: 0x3)
[    4.081291] Performance Events: unsupported p6 CPU model 78 no PMU driver, software events only.
[    4.083311] KVM setup paravirtual spinlock
[    4.085485] x86: Booting SMP configuration:
[    4.133393] .... node  #0, CPUs:      #1
[    4.174274] kvm-clock: cpu 1, msr 0:7ffe3041, secondary cpu clock
[    4.216015] mce: CPU supports 0 MCE banks
[    4.219253] x86: Booted up 1 node, 2 CPUs
[    4.231596] smpboot: Total of 2 processors activated (9468.41 BogoMIPS)
[    4.238010] devtmpfs: initialized
[    4.241183] evm: security.selinux
[    4.282283] evm: security.SMACK64
[    4.312528] evm: security.SMACK64EXEC
[    4.344900] evm: security.SMACK64TRANSMUTE
[    4.381319] evm: security.SMACK64MMAP
[    4.392189] evm: security.ima
[    4.392936] evm: security.capability
[    4.394017] clocksource: jiffies: mask: 0xffffffff max_cycles: 0xffffffff, max_idle_ns: 7645041785100000 ns
[    4.507487] futex hash table entries: 512 (order: 3, 32768 bytes)
[    4.562662] pinctrl core: initialized pinctrl subsystem
[    4.602974] RTC time: 20:35:35, date: 12/19/18
[    4.617745] NET: Registered protocol family 16
[    4.628519] cpuidle: using governor ladder
[    4.652588] cpuidle: using governor menu
[    4.654885] PCCT header not found.
[    4.657839] ACPI: bus type PCI registered
[    4.662071] acpiphp: ACPI Hot Plug PCI Controller Driver version: 0.5
[    4.674685] PCI: Using configuration type 1 for base access
[    4.698200] ACPI: Added _OSI(Module Device)
[    4.707714] ACPI: Added _OSI(Processor Device)
[    4.708920] ACPI: Added _OSI(3.0 _SCP Extensions)
[    4.715715] ACPI: Added _OSI(Processor Aggregator Device)
[    4.719843] ACPI: Executed 1 blocks of module-level executable AML code
[    4.733400] ACPI: Interpreter enabled
[    4.781370] ACPI: (supports S0 S5)
[    4.782178] ACPI: Using IOAPIC for interrupt routing
[    4.795690] PCI: Using host bridge windows from ACPI; if necessary, use "pci=nocrs" and report a bug
[    4.820206] ACPI: PCI Root Bridge [PCI0] (domain 0000 [bus 00-ff])
[    4.838208] acpi PNP0A03:00: _OSC: OS supports [ASPM ClockPM Segments MSI]
[    4.856403] acpi PNP0A03:00: _OSC: not requesting OS control; OS requires [ExtendedConfig ASPM ClockPM MSI]
[    4.858391] acpi PNP0A03:00: fail to add MMCONFIG information, can't access extended PCI configuration space under this bridge.
[    4.901088] PCI host bridge to bus 0000:00
[    4.913263] pci_bus 0000:00: root bus resource [io  0x0000-0x0cf7 window]
[    4.914570] pci_bus 0000:00: root bus resource [io  0x0d00-0xffff window]
[    4.915872] pci_bus 0000:00: root bus resource [mem 0x000a0000-0x000bffff window]
[    5.001708] pci_bus 0000:00: root bus resource [mem 0x80000000-0xffdfffff window]
[    5.003377] pci_bus 0000:00: root bus resource [bus 00-ff]
[    5.006003] pci 0000:00:01.1: legacy IDE quirk: reg 0x10: [io  0x01f0-0x01f7]
[    5.048398] pci 0000:00:01.1: legacy IDE quirk: reg 0x14: [io  0x03f6]
[    5.072768] pci 0000:00:01.1: legacy IDE quirk: reg 0x18: [io  0x0170-0x0177]
[    5.156047] pci 0000:00:01.1: legacy IDE quirk: reg 0x1c: [io  0x0376]
[    5.238713] pci 0000:00:07.0: quirk: [io  0x4000-0x403f] claimed by PIIX4 ACPI
[    5.315395] pci 0000:00:07.0: quirk: [io  0x4100-0x410f] claimed by PIIX4 SMB
[    5.366688] ACPI: PCI Interrupt Link [LNKA] (IRQs 5 9 10 *11)
[    5.401697] ACPI: PCI Interrupt Link [LNKB] (IRQs 5 9 10 *11)
[    5.411421] ACPI: PCI Interrupt Link [LNKC] (IRQs 5 9 *10 11)
[    5.442443] ACPI: PCI Interrupt Link [LNKD] (IRQs 5 *9 10 11)
[    5.449517] ACPI: Enabled 2 GPEs in block 00 to 07
[    5.458676] vgaarb: setting as boot device: PCI:0000:00:02.0
[    5.459817] vgaarb: device added: PCI:0000:00:02.0,decodes=io+mem,owns=io+mem,locks=none
[    5.475142] vgaarb: loaded
[    5.494084] vgaarb: bridge control possible 0000:00:02.0
[    5.511505] SCSI subsystem initialized
[    5.512479] ACPI: bus type USB registered
[    5.513448] usbcore: registered new interface driver usbfs
[    5.514592] usbcore: registered new interface driver hub
[    5.515718] usbcore: registered new device driver usb
[    5.517066] PCI: Using ACPI for IRQ routing
[    5.527405] NetLabel: Initializing
[    5.528218] NetLabel:  domain hash size = 128
[    5.529207] NetLabel:  protocols = UNLABELED CIPSOv4
[    5.543185] NetLabel:  unlabeled traffic allowed by default
[    5.544553] amd_nb: Cannot enumerate AMD northbridges
[    5.559187] clocksource: Switched to clocksource kvm-clock
[    5.570079] AppArmor: AppArmor Filesystem Enabled
[    5.576667] pnp: PnP ACPI init
[    5.578183] pnp: PnP ACPI: found 3 devices
[    5.591765] clocksource: acpi_pm: mask: 0xffffff max_cycles: 0xffffff, max_idle_ns: 2085701024 ns
[    5.639699] NET: Registered protocol family 2
[    5.640871] TCP established hash table entries: 16384 (order: 5, 131072 bytes)
[    5.642529] TCP bind hash table entries: 16384 (order: 6, 262144 bytes)
[    5.643894] TCP: Hash tables configured (established 16384 bind 16384)
[    5.645208] UDP hash table entries: 1024 (order: 3, 32768 bytes)
[    5.651336] UDP-Lite hash table entries: 1024 (order: 3, 32768 bytes)
[    5.652775] NET: Registered protocol family 1
[    5.675859] pci 0000:00:00.0: Limiting direct PCI/PCI transfers
[    5.677086] pci 0000:00:01.0: Activating ISA DMA hang workarounds
[    5.678457] Unpacking initramfs...
[    5.931804] Freeing initrd memory: 14804K
[    5.977246] platform rtc_cmos: registered platform RTC device (no PNP device found)
[    5.997747] Scanning for low memory corruption every 60 seconds
[    6.000256] audit: initializing netlink subsys (disabled)
[    6.007211] audit: type=2000 audit(1545251737.094:1): initialized
[    6.037714] Initialise system trusted keyring
[    6.039513] HugeTLB registered 2 MB page size, pre-allocated 0 pages
[    6.043693] zbud: loaded
[    6.045236] VFS: Disk quotas dquot_6.6.0
[    6.046775] VFS: Dquot-cache hash table entries: 512 (order 0, 4096 bytes)
[    6.049029] squashfs: version 4.0 (2009/01/31) Phillip Lougher
[    6.051130] fuse init (API version 7.23)
[    6.077941] Key type big_key registered
[    6.079209] Allocating IMA MOK and blacklist keyrings.
[    6.082127] Key type asymmetric registered
[    6.087186] Asymmetric key parser 'x509' registered
[    6.089482] Block layer SCSI generic (bsg) driver version 0.4 loaded (major 249)
[    6.092092] io scheduler noop registered
[    6.117723] io scheduler deadline registered (default)
[    6.122801] io scheduler cfq registered
[    6.124309] pci_hotplug: PCI Hot Plug PCI Core version: 0.5
[    6.125993] pciehp: PCI Express Hot Plug Controller Driver version: 0.4
[    6.127978] ACPI: AC Adapter [AC] (on-line)
[    6.129427] input: Power Button as /devices/LNXSYSTM:00/LNXPWRBN:00/input/input0
[    6.131903] ACPI: Power Button [PWRF]
[    6.133333] input: Sleep Button as /devices/LNXSYSTM:00/LNXSLPBN:00/input/input1
[    6.137758] ACPI: Sleep Button [SLPF]
[    6.140326] ACPI: Battery Slot [BAT0] (battery present)
[    6.142114] GHES: HEST is not enabled!
[    6.143609] Serial: 8250/16550 driver, 32 ports, IRQ sharing enabled
[    6.168450] 00:02: ttyS0 at I/O 0x3f8 (irq = 4, base_baud = 115200) is a 16550A
[    6.212710] Linux agpgart interface v0.103
[    6.252633] loop: module loaded
[    6.282770] scsi host0: ata_piix
[    6.284813] scsi host1: ata_piix
[    6.286139] ata1: PATA max UDMA/33 cmd 0x1f0 ctl 0x3f6 bmdma 0xd000 irq 14
[    6.288408] ata2: PATA max UDMA/33 cmd 0x170 ctl 0x376 bmdma 0xd008 irq 15
[    6.301656] libphy: Fixed MDIO Bus: probed
[    6.303081] tun: Universal TUN/TAP device driver, 1.6
[    6.305958] tun: (C) 1999-2004 Max Krasnyansky <maxk@qualcomm.com>
[    6.308595] PPP generic driver version 2.4.2
[    6.310181] ehci_hcd: USB 2.0 'Enhanced' Host Controller (EHCI) Driver
[    6.312212] ehci-pci: EHCI PCI platform driver
[    6.337274] ehci-platform: EHCI generic platform driver
[    6.338365] ohci_hcd: USB 1.1 'Open' Host Controller (OHCI) Driver
[    6.352105] ohci-pci: OHCI PCI platform driver
[    6.353836] ohci-platform: OHCI generic platform driver
[    6.355749] uhci_hcd: USB Universal Host Controller Interface driver
[    6.357792] i8042: PNP: PS/2 Controller [PNP0303:PS2K,PNP0f03:PS2M] at 0x60,0x64 irq 1,12
[    6.372559] serio: i8042 KBD port at 0x60,0x64 irq 1
[    6.379777] serio: i8042 AUX port at 0x60,0x64 irq 12
[    6.381307] mousedev: PS/2 mouse device common for all mice
[    6.382908] input: AT Translated Set 2 keyboard as /devices/platform/i8042/serio0/input/input2
[    6.452994] rtc_cmos rtc_cmos: rtc core: registered rtc_cmos as rtc0
[    6.512345] rtc_cmos rtc_cmos: alarms up to one day, 114 bytes nvram
[    6.544196] i2c /dev entries driver
[    6.545188] device-mapper: uevent: version 1.0.3
[    6.546298] device-mapper: ioctl: 4.34.0-ioctl (2015-10-28) initialised: dm-devel@redhat.com
[    6.549953] ledtrig-cpu: registered to indicate activity on CPUs
[    6.551986] NET: Registered protocol family 10
[    6.559738] NET: Registered protocol family 17
[    6.564151] Key type dns_resolver registered
[    6.565321] registered taskstats version 1
[    6.566219] Loading compiled-in X.509 certificates
[    6.567928] Loaded X.509 cert 'Build time autogenerated kernel key: 2b5438463a545abf193c13ead155e0657f6c69dd'
[    6.656213] zswap: loaded using pool lzo/zbud
[    6.697615] Key type trusted registered
[    6.729588] Key type encrypted registered
[    6.797086] AppArmor: AppArmor sha1 policy hashing enabled
[    6.798184] ima: No TPM chip found, activating TPM-bypass!
[    6.898296] ima: Allocated hash algorithm: sha1
[    6.918701] evm: HMAC attrs: 0x1
[    6.970122]   Magic number: 14:616:599
[    7.010738] serial8250 serial8250: hash matches
[    7.012361] rtc_cmos rtc_cmos: setting system clock to 2018-12-19 20:35:37 UTC (1545251737)
[    7.015205] BIOS EDD facility v0.16 2004-Jun-25, 0 devices found
[    7.081193] EDD information not available.
[    7.083548] Freeing unused kernel memory: 1528K
[    7.107495] Write protecting the kernel read-only data: 14336k
[    7.172741] Freeing unused kernel memory: 1664K
[    7.253629] Freeing unused kernel memory: 88K
Loading, please wait...
starting version[    7.269646] random: systemd-udevd: uninitialized urandom read (16 bytes read, 3 bits of entropy available)
 229
[    7.270350] random: udevadm: uninitialized urandom read (16 bytes read, 3 bits of entropy available)
[    7.270368] random: udevadm: uninitialized urandom read (16 bytes read, 3 bits of entropy available)
[    7.278861] random: udevadm: uninitialized urandom read (16 bytes read, 3 bits of entropy available)
[    7.278908] random: udevadm: uninitialized urandom read (16 bytes read, 3 bits of entropy available)
[    7.279046] random: udevadm: uninitialized urandom read (16 bytes read, 3 bits of entropy available)
[    7.279096] random: udevadm: uninitialized urandom read (16 bytes read, 3 bits of entropy available)
[    7.279146] random: udevadm: uninitialized urandom read (16 bytes read, 3 bits of entropy available)
[    7.279194] random: udevadm: uninitialized urandom read (16 bytes read, 3 bits of entropy available)
[    7.279258] random: udevadm: uninitialized urandom read (16 bytes read, 3 bits of entropy available)
[    7.381727] e1000: Intel(R) PRO/1000 Network Driver - version 7.3.21-k8-NAPI
[    7.438617] e1000: Copyright (c) 1999-2006 Intel Corporation.
[    7.444179] Fusion MPT base driver 3.04.20
[    7.456172] Copyright (c) 1999-2008 LSI Corporation
[    7.473654] Fusion MPT SPI Host driver 3.04.20
[    7.488896] AVX version of gcm_enc/dec engaged.
[    7.497292] AES CTR mode by8 optimization enabled
[    7.670102] input: ImExPS/2 Generic Explorer Mouse as /devices/platform/i8042/serio1/input/input4
[    7.813158] e1000 0000:00:03.0 eth0: (PCI:33MHz:32-bit) 02:b4:5c:5b:e6:80
[    7.834371] e1000 0000:00:03.0 eth0: Intel(R) PRO/1000 Network Connection
[    8.008481] clocksource: tsc: mask: 0xffffffffffffffff max_cycles: 0x221ed3a9a36, max_idle_ns: 440795208421 ns
[    8.254060] e1000 0000:00:08.0 eth1: (PCI:33MHz:32-bit) 08:00:27:e2:4c:0e
[    8.356860] e1000 0000:00:08.0 eth1: Intel(R) PRO/1000 Network Connection
[    8.359028] mptbase: ioc0: Initiating bringup
[    8.360146] e1000 0000:00:08.0 enp0s8: renamed from eth1
[    8.395634] e1000 0000:00:03.0 enp0s3: renamed from eth0
[    8.575747] ioc0: LSI53C1030 A0: Capabilities={Initiator}
[    8.749040] scsi host2: ioc0: LSI53C1030 A0, FwRev=00000000h, Ports=1, MaxQ=256, IRQ=20
[    8.888813] scsi 2:0:0:0: Direct-Access     VBOX     HARDDISK         1.0  PQ: 0 ANSI: 5
[    8.937970] scsi target2:0:0: Beginning Domain Validation
[    8.945509] scsi target2:0:0: Domain Validation skipping write tests
[    8.969158] scsi target2:0:0: Ending Domain Validation
[    8.996434] scsi target2:0:0: asynchronous
[    8.997814] scsi 2:0:1:0: Direct-Access     VBOX     HARDDISK         1.0  PQ: 0 ANSI: 5
[    8.999587] scsi target2:0:1: Beginning Domain Validation
[    9.001392] scsi target2:0:1: Domain Validation skipping write tests
[    9.002645] scsi target2:0:1: Ending Domain Validation
[    9.029109] scsi target2:0:1: asynchronous
[    9.076196] sd 2:0:0:0: [sda] 20971520 512-byte logical blocks: (10.7 GB/10.0 GiB)
[    9.087329] sd 2:0:0:0: Attached scsi generic sg0 type 0
[    9.087592] sd 2:0:1:0: Attached scsi generic sg1 type 0
[    9.158769] sd 2:0:1:0: [sdb] 20480 512-byte logical blocks: (10.5 MB/10.0 MiB)
[    9.158954] sd 2:0:0:0: [sda] Write Protect is off
[    9.159052] sd 2:0:0:0: [sda] Incomplete mode parameter data
[    9.159054] sd 2:0:0:0: [sda] Assuming drive cache: write through
[    9.257794]  sda: sda1
[    9.258704] sd 2:0:0:0: [sda] Attached SCSI disk
[    9.305387] sd 2:0:1:0: [sdb] Write Protect is off
[    9.314316] sd 2:0:1:0: [sdb] Incomplete mode parameter data
[    9.317218] sd 2:0:1:0: [sdb] Assuming drive cache: write through
[    9.366164] sd 2:0:1:0: [sdb] Attached SCSI disk
Begin: Loading e[   10.845693] md: linear personality registered for level -1
ssential drivers ... [   10.853804] md: multipath personality registered for level -4
[   10.865572] md: raid0 personality registered for level 0
[   10.972222] md: raid1 personality registered for level 1
[   11.199270] raid6: sse2x1   gen()  7563 MB/s
[   11.323348] raid6: sse2x1   xor()  4063 MB/s
[   11.423324] raid6: sse2x2   gen()  8165 MB/s
[   11.551403] raid6: sse2x2   xor()  4937 MB/s
[   11.639343] raid6: sse2x4   gen() 10328 MB/s
[   11.727262] raid6: sse2x4   xor()  6837 MB/s
[   11.729395] raid6: using algorithm sse2x4 gen() 10328 MB/s
[   11.765561] raid6: .... xor() 6837 MB/s, rmw enabled
[   11.773435] raid6: using ssse3x2 recovery algorithm
[   11.775723] xor: automatically using best checksumming function:
[   11.859349]    avx       : 18422.000 MB/sec
[   11.880517] async_tx: api initialized (async)
[   11.894921] md: raid6 personality registered for level 6
[   12.000699] md: raid5 personality registered for level 5
[   12.001778] md: raid4 personality registered for level 4
[   12.026783] md: raid10 personality registered for level 10
done.
Begin: Running /scripts/init-premount ... done.
Begin: Mounting root file syst[   12.085752] Btrfs loaded
em ... Begin: Running /scripts/local-top ... done.
Begin: Running /scripts/local-premount ... Scanning for Btrfs filesystems
done.
Warning: fsck not present, so skipping root file system
[   12.172272] EXT4-fs (sda1): mounted filesystem with ordered data mode. Opts: (null)
done.
Begin: Running /scripts/local-bottom ... done.
Begin: Running /scripts/init-bottom ... done.
[   12.868628] systemd[1]: systemd 229 running in system mode. (+PAM +AUDIT +SELINUX +IMA +APPARMOR +SMACK +SYSVINIT +UTMP +LIBCRYPTSETUP +GCRYPT +GNUTLS +ACL +XZ -LZ4 +SECCOMP +BLKID +ELFUTILS +KMOD -IDN)
[   12.915718] systemd[1]: Detected virtualization oracle.
[   12.930311] systemd[1]: Detected architecture x86-64.

Welcome to [1mUbuntu 16.04.5 LTS[0m!

[   12.983441] systemd[1]: Set hostname to <docker>.
[   13.108499] random: nonblocking pool is initialized
[   14.377308] systemd[1]: Listening on udev Control Socket.
[[0;32m  OK  [0m] Listening on udev Control Socket.
[   14.442920] systemd[1]: Reached target System Time Synchronized.
[[0;32m  OK  [0m] Reached target System Time Synchronized.
[   14.445677] systemd[1]: Listening on udev Kernel Socket.
[[0;32m  OK  [0m] Listening on udev Kernel Socket.
[   14.468130] systemd[1]: Reached target User and Group Name Lookups.
[[0;32m  OK  [0m] Reached target User and Group Name Lookups.
[   14.608119] systemd[1]: Started Forward Password Requests to Wall Directory Watch.
[[0;32m  OK  [0m] Started Forward Password Requests to Wall Directory Watch.
[   14.636598] systemd[1]: Reached target Swap.
[[0;32m  OK  [0m] Reached target Swap.
[   14.639086] systemd[1]: Created slice User and Session Slice.
[[0;32m  OK  [0m] Created slice User and Session Slice.
[   14.641661] systemd[1]: Started Trigger resolvconf update for networkd DNS.
[[0;32m  OK  [0m] Started Trigger resolvconf update for networkd DNS.
[   14.644582] systemd[1]: Listening on Journal Socket (/dev/log).
[[0;32m  OK  [0m] Listening on Journal Socket (/dev/log).
[   14.647102] systemd[1]: Listening on /dev/initctl Compatibility Named Pipe.
[[0;32m  OK  [0m] Listening on /dev/initctl Compatibility Named Pipe.
[   14.655640] systemd[1]: Set up automount Arbitrary Executable File Formats File System Automount Point.
[[0;32m  OK  [0m] Set up automount Arbitrary Executab...ats File System Automount Point.
[   14.928038] systemd[1]: Listening on Syslog Socket.
[[0;32m  OK  [0m] Listening on Syslog Socket.
[   14.995992] systemd[1]: Reached target Encrypted Volumes.
[[0;32m  OK  [0m] Reached target Encrypted Volumes.
[   15.052546] systemd[1]: Listening on Device-mapper event daemon FIFOs.
[[0;32m  OK  [0m] Listening on Device-mapper event daemon FIFOs.
[   15.243861] systemd[1]: Listening on LVM2 metadata daemon socket.
[[0;32m  OK  [0m] Listening on LVM2 metadata daemon socket.
[   15.356619] systemd[1]: Listening on LVM2 poll daemon socket.
[[0;32m  OK  [0m] Listening on LVM2 poll daemon socket.
[   15.499471] systemd[1]: Listening on Journal Socket.
[[0;32m  OK  [0m] Listening on Journal Socket.
[   15.502081] systemd[1]: Created slice System Slice.
[[0;32m  OK  [0m] Created slice System Slice.
[   15.515580] systemd[1]: Mounting Huge Pages File System...
         Mounting Huge Pages File System...
[   15.525984] systemd[1]: Starting Nameserver information manager...
         Starting Nameserver information manager...
[   15.529893] systemd[1]: Created slice system-serial\x2dgetty.slice.
[[0;32m  OK  [0m] Created slice system-serial\x2dgetty.slice.
[   15.571613] systemd[1]: Starting Create list of required static device nodes for the current kernel...
         Starting Create list of required st... nodes for the current kernel...
[   15.715292] systemd[1]: Mounting POSIX Message Queue File System...
         Mounting POSIX Message Queue File System...
[   15.831845] systemd[1]: Starting Set console keymap...
         Starting Set console keymap...
[   15.876542] systemd[1]: Reached target Slices.
[[0;32m  OK  [0m] Reached target Slices.
[   15.975646] systemd[1]: Starting Uncomplicated firewall...
         Starting Uncomplicated firewall...
[   16.030064] systemd[1]: Starting Monitoring of LVM2 mirrors, snapshots etc. using dmeventd or progress polling...
         Starting Monitoring of LVM2 mirrors... dmeventd or progress polling...
[   16.065420] systemd[1]: Starting Remount Root and Kernel File Systems...
         Starting Remount Root and Kernel File Systems...
[   16.420487] EXT4-fs (sda1): re-mounted. Opts: (null)
[   16.460104] systemd[1]: Starting Load Kernel Modules...
         Starting Load Kernel Modules...
[   16.472506] systemd[1]: Listening on Journal Audit Socket.
[[0;32m  OK  [0m] Listening on Journal Audit Socket.
[   16.481485] systemd[1]: Starting Journal Service...
         Starting Journal Service...
[   16.494236] systemd[1]: Mounting Debug File System...
         Mounting Debug File System...
[   16.500636] systemd[1]: Mounted Debug File System.
[[0;32m  OK  [0m] Mounted Debug File System.
[   16.505678] systemd[1]: Mounted POSIX Message Queue File System.
[[0;32m  OK  [0m] Mounted POSIX Message Queue File System.
[   16.508386] systemd[1]: Mounted Huge Pages File System.
[[0;32m  OK  [0m] Mounted Huge Pages File System.
[   16.558234] systemd[1]: Started Create list of required static device nodes for the current kernel.
[[0;32m  OK  [0m] Started Create list of required sta...ce nodes for the current kernel.
[   16.570693] systemd[1]: Started Set console keymap.
[[0;32m  OK  [0m] Started Set console keymap.
[   16.574831] systemd[1]: Started Uncomplicated firewall.
[[0;32m  OK  [0m] Started Uncomplicated firewall.
[   16.580119] systemd[1]: Started Remount Root and Kernel File Systems.
[[0;32m  OK  [0m] Started Remount Root and Kernel File Systems.
[   16.627772] systemd[1]: Starting Load/Save Random Seed...
         Starting Load/Save Random Seed...
[   16.908507] systemd[1]: Starting udev Coldplug all Devices...
         Starting udev Coldplug all Devices...
[   16.960397] Loading iSCSI transport class v2.0-870.
[   16.960614] systemd[1]: Starting Create Static Device Nodes in /dev...
         Starting Create Static Device Nodes in /dev...
[   16.976578] systemd[1]: Started Nameserver information manager.
[[0;32m  OK  [0m] Started Nameserver information manager.
[   17.052493] systemd[1]: Started Load/Save Random Seed.
[[0;32m  OK  [[   17.101422] iscsi: registered transport (tcp)
0m] Started Load/Save Random Seed.
[   17.141320] systemd[1]: Started LVM2 metadata daemon.
[[0;32m  OK  [0m] Started LVM2 metadata daemon.
[   17.172497] systemd[1]: Started udev Coldplug all Devices.
[[0;32m  OK  [0m] Started udev Coldplug all Devices.
[   17.232525] systemd[1]: Started Journal Service.
[[0;32m  OK  [0m] Started Journal Service.
         Starting Flush Journal to Persistent Storage...
[   17.312778] systemd-journald[396]: Received request to flush runtime journal from PID 1
[[0;32m  OK  [0m] Started Flush Journal to Persistent Storage.
[   17.428523] iscsi: registered transport (iser)
[[0;32m  OK  [0m] Started Load Kernel Modules.
         Mounting FUSE Control File System...
         Starting Apply Kernel Variables...
[[0;32m  OK  [0m] Mounted FUSE Control File System.
[[0;32m  OK  [0m] Started Create Static Device Nodes in /dev.
         Starting udev Kernel Device Manager...
[[0;32m  OK  [0m] Started Monitoring of LVM2 mirrors,...ng dmeventd or progress polling.
[[0;32m  OK  [0m] Started Apply Kernel Variables.
[[0;32m  OK  [0m] Reached target Local File Systems (Pre).
[[0;32m  OK  [0m] Reached target Local File Systems.
         Starting Tell Plymouth To Write Out Runtime Data...
         Starting Initial cloud-init job (pre-networking)...
         Starting Create Volatile Files and Directories...
         Starting LSB: AppArmor initialization...
         Starting Set console font and keymap...
[[0;32m  OK  [0m] Started Tell Plymouth To Write Out Runtime Data.
[[0;32m  OK  [0m] Started Create Volatile Files and Directories.
         Starting Update UTMP about System Boot/Shutdown...
[[0;32m  OK  [0m] Started udev Kernel Device Manager.
[[0;32m  OK  [0m] Started Dispatch Password Requests to Console Directory Watch.
[[0;32m  OK  [0m] Started Update UTMP about System Boot/Shutdown.
[[0;32m  OK  [0m] Found device /dev/ttyS0.
[[0;32m  OK  [0m] Listening on Load/Save RF Kill Switch Status /dev/rfkill Watch.
[[0;32m  OK  [0m] Found device 82540EM Gigabit Ethern...r (PRO/1000 MT Desktop Adapter).
[[0;32m  OK  [0m] Found device 82540EM Gigabit Ethern...r (PRO/1000 MT Desktop Adapter).
[[0;32m  OK  [0m] Started Set console font and keymap.
[[0;32m  OK  [0m] Created slice system-getty.slice.
[[0;32m  OK  [0m] Started LSB: AppArmor initialization.
[   19.198779] cloud-init[467]: Cloud-init v. 18.4-0ubuntu1~16.04.2 running 'init-local' at Wed, 19 Dec 2018 20:35:54 +0000. Up 18.54 seconds.
[[0;32m  OK  [0m] Started Initial cloud-init job (pre-networking).
[[0;32m  OK  [0m] Reached target Network (Pre).
[[0;32m  OK  [0m] Started ifup for enp0s3.
         Starting Raise network interfaces...
[[0;32m  OK  [0m] Started ifup for enp0s8.
[[0;32m  OK  [0m] Started Raise network interfaces.
[[0;32m  OK  [0m] Reached target Network.
         Starting Initial cloud-init job (metadata service crawler)...
[   20.503480] cloud-init[1057]: Cloud-init v. 18.4-0ubuntu1~16.04.2 running 'init' at Wed, 19 Dec 2018 20:35:55 +0000. Up 19.90 seconds.
[   20.519240] cloud-init[1057]: ci-info: ++++++++++++++++++++++++++++++++++++++Net device info+++++++++++++++++++++++++++++++++++++++
[   20.523277] cloud-init[1057]: ci-info: +--------+------+-----------------------------+---------------+--------+-------------------+
[   20.528071] cloud-init[1057]: ci-info: | Device |  Up  |           Address           |      Mask     | Scope  |     Hw-Address    |
[   20.538119] cloud-init[1057]: ci-info: +--------+------+-----------------------------+---------------+--------+-------------------+
[   20.558608] cloud-init[1057]: ci-info: | enp0s3 | True |          10.0.2.15          | 255.255.255.0 | global | 02:b4:5c:5b:e6:80 |
[   20.564540] cloud-init[1057]: ci-info: | enp0s3 | True |  fe80::b4:5cff:fe5b:e680/64 |       .       |  link  | 02:b4:5c:5b:e6:80 |
[   20.564793] cloud-init[1057]: ci-info: | enp0s8 | True |        192.168.99.20        | 255.255.255.0 | global | 08:00:27:e2:4c:0e |
[[0;32m  OK  [0m] Started Initial cloud-init job (metadata service crawler).
[   20.564966] cloud-init[1057]: ci-info: | enp0s8 | True | fe80::a00:27ff:fee2:4c0e/64 |       .       |  link  | 08:00:27:e2:4c:0e |
[   20.578931] cloud-init[1057]: ci-info: |   lo   | True |          127.0.0.1          |   255.0.0.0   |  host  |         .         |
[   20.579203] cloud-init[1057]: ci-info: |   lo   | True |           ::1/128           |       .       |  host  |         .         |
[   20.579373] cloud-init[1057]: ci-info: +--------+------+-----------------------------+---------------+--------+-------------------+
[   20.579557] cloud-init[1057]: ci-info: ++++++++++++++++++++++++++++Route IPv4 info++++++++++++++++++++++++++++
[   20.579728] cloud-init[1057]: ci-info: +-------+--------------+----------+---------------+-----------+-------+
[   20.579903] cloud-init[1057]: ci-info: | Route | Destination  | Gateway  |    Genmask    | Interface | Flags |
[   20.580268] cloud-init[1057]: ci-info: +-------+--------------+----------+---------------+-----------+-------+
[   20.580438] cloud-init[1057]: ci-info: |   0   |   0.0.0.0    | 10.0.2.2 |    0.0.0.0    |   enp0s3  |   UG  |
[   20.580619] cloud-init[1057]: ci-info: |   1   |   10.0.2.0   | 0.0.0.0  | 255.255.255.0 |   enp0s3  |   U   |
[   20.580798] cloud-init[1057]: ci-info: |   2   | 192.168.99.0 | 0.0.0.0  | 255.255.255.0 |   enp0s8  |   U   |
[   20.580983] cloud-init[1057]: ci-info: +-------+--------------+----------+---------------+-----------+-------+
[   20.581156] cloud-init[1057]: ci-info: +++++++++++++++++++Route IPv6 info+++++++++++++++++++
[   20.581333] cloud-init[1057]: ci-info: +-------+-------------+---------+-----------+-------+
[   20.581521] cloud-init[1057]: ci-info: | Route | Destination | Gateway | Interface | Flags |
[   20.581682] cloud-init[1057]: ci-info: +-------+-------------+---------+-----------+-------+
[   20.581857] cloud-init[1057]: ci-info: |   0   |  fe80::/64  |    ::   |   enp0s8  |   U   |
[   20.582046] cloud-init[1057]: ci-info: |   1   |  fe80::/64  |    ::   |   enp0s3  |   U   |
[[0;32m  OK  [0m] Reached target Cloud-config availability.
[[   20.582117] cloud-init[1057]: ci-info: |   4   |   ff00::/8  |    ::   |   enp0s8  |   U   |
[   20.605397] cloud-init[1057]: ci-info: |   5   |   ff00::/8  |    ::   |   enp0s3  |   U   |
[   20.605528] cloud-init[1057]: ci-info: +-------+-------------+---------+-----------+-------+
[0;32m  OK  [0m] Reached target Network is Online.
         Starting iSCSI initiator daemon (iscsid)...
[[0;32m  OK  [0m] Reached target System Initialization.
[[0;32m  OK  [0m] Started Daily apt download activities.
         Starting LXD - unix socket.
[[0;32m  OK  [0m] Started Daily apt upgrade and clean activities.
[[0;32m  OK  [0m] Listening on ACPID Listen Socket.
[[0;32m  OK  [0m] Started Daily Cleanup of Temporary Directories.
[[0;32m  OK  [0m] Reached target Timers.
[[0;32m  OK  [0m] Listening on UUID daemon activation socket.
         Starting Socket activation for snappy daemon.
[[0;32m  OK  [0m] Listening on D-Bus System Message Bus Socket.
[[0;32m  OK  [0m] Started ACPI Events Check.
[[0;32m  OK  [0m] Reached target Paths.
[[0;32m  OK  [0m] Listening on LXD - unix socket.
[[0;32m  OK  [0m] Listening on Socket activation for snappy daemon.
[[0;32m  OK  [0m] Started iSCSI initiator daemon (iscsid).
         Starting Login to default iSCSI targets...
[[0;32m  OK  [0m] Reached target Sockets.
[[0;32m  OK  [0m] Reached target Basic System.
[[0;32m  OK  [0m] Started Puppet agent.
         Starting Virtualbox guest utils...
[[0;32m  OK  [0m] Started ACPI event daemon.
[[0;32m  OK  [0m] Started Unattended Upgrades Shutdown.
         Starting A high performance web server and a reverse proxy server...
[[0;32m  OK  [0m] Started D-Bus System Message Bus.
[[0;32m  OK  [0m] Started Regular background program processing daemon.
         Starting OpenBSD Secure Shell server...
         Starting Login Service...
         Starting /etc/rc.local Compatibility...
         Starting LSB: Record successful boot for GRUB...
[[0;32m  OK  [0m] Started FUSE filesystem for LXC.
[[0;32m  OK  [0m] Started Deferred execution scheduler.
         Starting System Logging Service...
         Starting containerd container runtime...
         Starting The PHP 7.0 FastCGI Process Manager...
         Starting LSB: MD monitoring daemon...
         Starting Docker Application Container Engine...
         Starting Accounts Service...
         Starting Snappy daemon...
         Starting LXD - container startup/shutdown...
[[0;32m  OK  [0m] Started /etc/rc.local Compatibility.
[[0;32m  OK  [0m] Started containerd container runtime.
[[0;32m  OK  [0m] Started System Logging Service.
[[0;32m  OK  [0m] Started Login Service.
[[0;32m  OK  [0m] Started LSB: Record successful boot for GRUB.
[[0;32m  OK  [0m] Started LSB: MD monitoring daemon.
[[0;32m  OK  [0m] Started Login to default iSCSI targets.
[[0;32m  OK  [0m] Reached target Remote File Systems (Pre).
[[0;32m  OK  [0m] Reached target Remote File Systems.
         Starting LSB: Apache2 web server...
         Starting LSB: daemon to balance interrupts for SMP systems...
         Starting Permit User Sessions...
         Starting LSB: Set up cgroupfs mounts....
         Starting LSB: automatic crash report generation...
         Starting LSB: Set the CPU Frequency Scaling governor to "ondemand"...
[[0;32m  OK  [0m] Started Permit User Sessions.
[[0;32m  OK  [0m] Started LSB: Set up cgroupfs mounts..
[[0;32m  OK  [0m] Started LSB: Apache2 web server.
         Starting Hold until boot process finishes up...
         Starting Terminate Plymouth Boot Screen...
[[0;32m  OK  [0m] Started LSB: Set the CPU Frequency Scaling governor to "ondemand".
[[0;32m  OK  [0m] Started Hold until boot process finishes up.
[[0;32m  OK  [0m] Started LSB: automatic crash report generation.
[[0;32m  OK  [0m] Started Terminate Plymouth Boot Screen.
[[0;32m  OK  [0m] Started OpenBSD Secure Shell server.
         Starting Set console scheme...
[[0;32m  OK  [0m] Started Serial Getty on ttyS0.
[[0;32m  OK  [0m] Started Getty on tty1.
[[0;32m  OK  [0m] Reached target Login Prompts.
[[0;32m  OK  [0m] Started Virtualbox guest utils.
[[0;32m  OK  [0m] Started LSB: daemon to balance interrupts for SMP systems.
[[0;32m  OK  [0m] Started Set console scheme.
         Starting Authenticate and Authorize Users to Run Privileged Tasks...
[[0;32m  OK  [0m] Started Authenticate and Authorize Users to Run Privileged Tasks.
[[0;32m  OK  [0m] Started Accounts Service.
[[0;32m  OK  [0m] Started A high performance web server and a reverse proxy server.
[[0;32m  OK  [0m] Created slice User Slice of vagrant.
         Starting User Manager for UID 1000...
[[0;32m  OK  [0m] Started Session 1 of user vagrant.
[[0;32m  OK  [0m] Started User Manager for UID 1000.

Ubuntu 16.04.5 LTS docker ttyS0

docker login: [   33.619379] cloud-init[1414]: Cloud-init v. 18.4-0ubuntu1~16.04.2 running 'modules:config' at Wed, 19 Dec 2018 20:36:07 +0000. Up 31.50 seconds.
[   50.583509] cloud-init[2165]: Cloud-init v. 18.4-0ubuntu1~16.04.2 running 'modules:final' at Wed, 19 Dec 2018 20:36:25 +0000. Up 50.34 seconds.
[   50.587154] cloud-init[2165]: Cloud-init v. 18.4-0ubuntu1~16.04.2 finished at Wed, 19 Dec 2018 20:36:26 +0000. Datasource DataSourceNoCloud [seed=/dev/sdb][dsmode=net].  Up 50.57 seconds
[[0;32m  OK  [0m] Started ACPI event daemon.
[[0;32m  OK  [0m] Started Daily apt download activities.
         Starting Daily apt upgrade and clean activities...
[[0;32m  OK  [0m] Started Daily apt upgrade and clean activities.
